c:\simulator\5g k-simsys (181102)\vs project_nrembb system level simulation\vs project_nrembb system level simulation\x64\debug\vc140.pdb
c:\simulator\5g k-simsys (181102)\vs project_nrembb system level simulation\vs project_nrembb system level simulation\x64\debug\vc140.idb
c:\simulator\5g k-simsys (181102)\vs project_nrembb system level simulation\vs project_nrembb system level simulation\x64\debug\3dspatialchannelmodel_nrembb.obj
c:\simulator\5g k-simsys (181102)\vs project_nrembb system level simulation\vs project_nrembb system level simulation\x64\debug\channelbs_nrembb.obj
c:\simulator\5g k-simsys (181102)\vs project_nrembb system level simulation\vs project_nrembb system level simulation\x64\debug\channelms_nrembb.obj
c:\simulator\5g k-simsys (181102)\vs project_nrembb system level simulation\vs project_nrembb system level simulation\x64\debug\channel_nrembb.obj
c:\simulator\5g k-simsys (181102)\vs project_nrembb system level simulation\vs project_nrembb system level simulation\x64\debug\performancebs_nrembb.obj
c:\simulator\5g k-simsys (181102)\vs project_nrembb system level simulation\vs project_nrembb system level simulation\x64\debug\performancems_nrembb.obj
c:\simulator\5g k-simsys (181102)\vs project_nrembb system level simulation\vs project_nrembb system level simulation\x64\debug\performance_nrembb.obj
c:\simulator\5g k-simsys (181102)\vs project_nrembb system level simulation\vs project_nrembb system level simulation\x64\debug\networkbs_nrembb.obj
c:\simulator\5g k-simsys (181102)\vs project_nrembb system level simulation\vs project_nrembb system level simulation\x64\debug\networkms_nrembb.obj
c:\simulator\5g k-simsys (181102)\vs project_nrembb system level simulation\vs project_nrembb system level simulation\x64\debug\network_nrembb.obj
c:\simulator\5g k-simsys (181102)\vs project_nrembb system level simulation\vs project_nrembb system level simulation\x64\debug\schedulingbs_nrembb.obj
c:\simulator\5g k-simsys (181102)\vs project_nrembb system level simulation\vs project_nrembb system level simulation\x64\debug\schedulingms_nrembb.obj
c:\simulator\5g k-simsys (181102)\vs project_nrembb system level simulation\vs project_nrembb system level simulation\x64\debug\scheduling_nrembb.obj
c:\simulator\5g k-simsys (181102)\vs project_nrembb system level simulation\vs project_nrembb system level simulation\x64\debug\global.obj
c:\simulator\5g k-simsys (181102)\vs project_nrembb system level simulation\vs project_nrembb system level simulation\x64\debug\systemsim_nrembb.obj
c:\simulator\5g k-simsys (181102)\vs project_nrembb system level simulation\vs project_nrembb system level simulation\x64\debug\systembs_nrembb.obj
c:\simulator\5g k-simsys (181102)\vs project_nrembb system level simulation\vs project_nrembb system level simulation\x64\debug\systemms_nrembb.obj
c:\simulator\5g k-simsys (181219)\vs project_nrembb system level simulation\vs project_nrembb system level simulation\x64\debug\vc140.pdb
c:\simulator\5g k-simsys (181219)\vs project_nrembb system level simulation\vs project_nrembb system level simulation\x64\debug\vc140.idb
c:\simulator\5g k-simsys (181219)\vs project_nrembb system level simulation\vs project_nrembb system level simulation\x64\debug\3dspatialchannelmodel_nrembb.obj
c:\simulator\5g k-simsys (181219)\vs project_nrembb system level simulation\vs project_nrembb system level simulation\x64\debug\channelbs_nrembb.obj
c:\simulator\5g k-simsys (181219)\vs project_nrembb system level simulation\vs project_nrembb system level simulation\x64\debug\channelms_nrembb.obj
c:\simulator\5g k-simsys (181219)\vs project_nrembb system level simulation\vs project_nrembb system level simulation\x64\debug\channel_nrembb.obj
c:\simulator\5g k-simsys (181219)\vs project_nrembb system level simulation\vs project_nrembb system level simulation\x64\debug\performancebs_nrembb.obj
c:\simulator\5g k-simsys (181219)\vs project_nrembb system level simulation\vs project_nrembb system level simulation\x64\debug\performancems_nrembb.obj
c:\simulator\5g k-simsys (181219)\vs project_nrembb system level simulation\vs project_nrembb system level simulation\x64\debug\performance_nrembb.obj
c:\simulator\5g k-simsys (181219)\vs project_nrembb system level simulation\vs project_nrembb system level simulation\x64\debug\networkbs_nrembb.obj
c:\simulator\5g k-simsys (181219)\vs project_nrembb system level simulation\vs project_nrembb system level simulation\x64\debug\networkms_nrembb.obj
c:\simulator\5g k-simsys (181219)\vs project_nrembb system level simulation\vs project_nrembb system level simulation\x64\debug\network_nrembb.obj
c:\simulator\5g k-simsys (181219)\vs project_nrembb system level simulation\vs project_nrembb system level simulation\x64\debug\schedulingbs_nrembb.obj
c:\simulator\5g k-simsys (181219)\vs project_nrembb system level simulation\vs project_nrembb system level simulation\x64\debug\schedulingms_nrembb.obj
c:\simulator\5g k-simsys (181219)\vs project_nrembb system level simulation\vs project_nrembb system level simulation\x64\debug\scheduling_nrembb.obj
c:\simulator\5g k-simsys (181219)\vs project_nrembb system level simulation\vs project_nrembb system level simulation\x64\debug\global.obj
c:\simulator\5g k-simsys (181219)\vs project_nrembb system level simulation\vs project_nrembb system level simulation\x64\debug\systembs_nrembb.obj
c:\simulator\5g k-simsys (181219)\vs project_nrembb system level simulation\vs project_nrembb system level simulation\x64\debug\systemms_nrembb.obj
c:\simulator\5g k-simsys (181219)\vs project_nrembb system level simulation\vs project_nrembb system level simulation\x64\debug\systemsim_nrembb.obj
c:\simulator\5g k-simsys (181102)\vs project_nrembb system level simulation\x64\debug\vs project_nrembb system level simulation.ilk
c:\simulator\5g k-simsys (181102)\vs project_nrembb system level simulation\x64\debug\vs project_nrembb system level simulation.exe
c:\simulator\5g k-simsys (181102)\vs project_nrembb system level simulation\x64\debug\vs project_nrembb system level simulation.pdb
c:\simulator\5g k-simsys (181219)\vs project_nrembb system level simulation\x64\debug\vs project_nrembb system level simulation.ilk
c:\simulator\5g k-simsys (181219)\vs project_nrembb system level simulation\x64\debug\vs project_nrembb system level simulation.exe
c:\simulator\5g k-simsys (181219)\vs project_nrembb system level simulation\x64\debug\vs project_nrembb system level simulation.pdb
c:\simulator\5g k-simsys (181219)\vs project_nrembb system level simulation\vs project_nrembb system level simulation\x64\debug\basicmain_nrembb.obj
c:\simulator\5g k-simsys (181219)\vs project_nrembb system level simulation\vs project_nrembb system level simulation\x64\debug\network_nrembb.obj.enc
c:\simulator\5g k-simsys (181219)\vs project_nrembb system level simulation\vs project_nrembb system level simulation\x64\debug\systemsim_nrembb.obj.enc
c:\simulator\5g k-simsys (181219)\vs project_nrembb system level simulation\vs project_nrembb system level simulation\x64\debug\vs proje.aa7a6fc9.tlog\cl.command.1.tlog
c:\simulator\5g k-simsys (181219)\vs project_nrembb system level simulation\vs project_nrembb system level simulation\x64\debug\vs proje.aa7a6fc9.tlog\cl.read.1.tlog
c:\simulator\5g k-simsys (181219)\vs project_nrembb system level simulation\vs project_nrembb system level simulation\x64\debug\vs proje.aa7a6fc9.tlog\cl.write.1.tlog
c:\simulator\5g k-simsys (181219)\vs project_nrembb system level simulation\vs project_nrembb system level simulation\x64\debug\vs proje.aa7a6fc9.tlog\link.command.1.tlog
c:\simulator\5g k-simsys (181219)\vs project_nrembb system level simulation\vs project_nrembb system level simulation\x64\debug\vs proje.aa7a6fc9.tlog\link.read.1.tlog
c:\simulator\5g k-simsys (181219)\vs project_nrembb system level simulation\vs project_nrembb system level simulation\x64\debug\vs proje.aa7a6fc9.tlog\link.write.1.tlog
