c:\users\sangjin\dropbox\5g simulator\vs project\x64\debug\vc140.pdb
c:\users\sangjin\dropbox\5g simulator\vs project\x64\debug\vc140.idb
c:\users\sangjin\dropbox\5g simulator\vs project\x64\debug\antenna_simple.obj
c:\users\sangjin\dropbox\5g simulator\vs project\x64\debug\channelbs_simple.obj
c:\users\sangjin\dropbox\5g simulator\vs project\x64\debug\channelms_simple.obj
c:\users\sangjin\dropbox\5g simulator\vs project\x64\debug\channel_simple.obj
c:\users\sangjin\dropbox\5g simulator\vs project\x64\debug\largescalechannel_simple.obj
c:\users\sangjin\dropbox\5g simulator\vs project\x64\debug\performancebs_simple.obj
c:\users\sangjin\dropbox\5g simulator\vs project\x64\debug\performancems_simple.obj
c:\users\sangjin\dropbox\5g simulator\vs project\x64\debug\performance_simple.obj
c:\users\sangjin\dropbox\5g simulator\vs project\x64\debug\networkbs_simple.obj
c:\users\sangjin\dropbox\5g simulator\vs project\x64\debug\networkms_simple.obj
c:\users\sangjin\dropbox\5g simulator\vs project\x64\debug\network_simple.obj
c:\users\sangjin\dropbox\5g simulator\vs project\x64\debug\schedulingbs_simple.obj
c:\users\sangjin\dropbox\5g simulator\vs project\x64\debug\schedulingms_simple.obj
c:\users\sangjin\dropbox\5g simulator\vs project\x64\debug\scheduling_simple.obj
c:\users\sangjin\dropbox\5g simulator\vs project\x64\debug\systemsim_simple.obj
c:\users\sangjin\dropbox\5g simulator\vs project\x64\debug\systembs_simple.obj
c:\users\sangjin\dropbox\5g simulator\vs project\x64\debug\systemms_simple.obj
c:\users\sangjin\dropbox\5g simulator\vs project\x64\debug\basicmain_simple.obj
c:\users\sangjin\dropbox\5g simulator\vs project\x64\debug\simulator for vs.ilk
c:\users\sangjin\dropbox\5g simulator\vs project\x64\debug\simulator for vs.exe
c:\users\sangjin\dropbox\5g simulator\vs project\x64\debug\simulator for vs.pdb
c:\users\sangjin\dropbox\5g simulator\vs project\x64\debug\bs_simple.obj
c:\users\sangjin\dropbox\5g simulator\vs project\x64\debug\ms_simple.obj
c:\users\sangjin\dropbox\5g simulator\vs project\x64\debug\network_simple.obj.enc
c:\users\sangjin\dropbox\5g simulator\vs project\x64\debug\systemms_simple.obj.enc
c:\users\sangjin\dropbox\5g simulator\vs project\x64\debug\systemsim_simple.obj.enc
c:\users\sangjin\dropbox\5g simulator\vs project\x64\debug\simulator for vs.tlog\cl.command.1.tlog
c:\users\sangjin\dropbox\5g simulator\vs project\x64\debug\simulator for vs.tlog\cl.read.1.tlog
c:\users\sangjin\dropbox\5g simulator\vs project\x64\debug\simulator for vs.tlog\cl.write.1.tlog
c:\users\sangjin\dropbox\5g simulator\vs project\x64\debug\simulator for vs.tlog\link.command.1.tlog
c:\users\sangjin\dropbox\5g simulator\vs project\x64\debug\simulator for vs.tlog\link.read.1.tlog
c:\users\sangjin\dropbox\5g simulator\vs project\x64\debug\simulator for vs.tlog\link.write.1.tlog
